Command line:
   IP_SSE_ADD_isim_beh.exe
     -simmode  gui
     -simrunnum  0
     -socket  49874

Fri Jan  5 11:15:35 2018


 Elaboration Time: 0.01 sec

 Current Memory Usage: 157.438 Meg

 Total Signals          : 81
 Total Nets             : 489
 Total Signal Drivers   : 36
 Total Blocks           : 13
 Total Primitive Blocks : 9
 Total Processes        : 36
 Total Traceable Variables  : 11
 Total Scalar Nets and Variables : 878
Total Line Count : 42

 Total Simulation Time: 0.04 sec

 Current Memory Usage: 232.94 Meg

Fri Jan  5 11:16:34 2018

