ISim log file
Running: /home/parallels/Desktop/aeo_control2/control_final 2/control_q2/iP_threetri_isim_beh.exe -gui -tclbatch isim.cmd -wdb /home/parallels/Desktop/aeo_control2/control_final 2/control_q2/iP_threetri_isim_beh.wdb 
INFO: There is another simulation running in the same directory. Using database file name isim1.wdb.
ISim M.81d (signature 0x9ca8bed6)
----------------------------------------------------------------------
WARNING:Security:42 - Your software subscription period has lapsed. Your current version of Xilinx tools will continue to function, but you no longer qualify for Xilinx software updates or new releases.


----------------------------------------------------------------------
This is a Full version of ISim.
Time resolution is 1 ps
# onerror resume
# wave add /
# run 1000 ns
Simulator is doing circuit initialization process.
Finished circuit initialization process.
# exit 0
# isim force add /ip_threetri/tin 2 -radix unsigned
# isim force add /ip_threetri/tin 2 -radix unsigned
# isim force add /ip_threetri/nin 1 -radix unsigned
# isim force add /ip_threetri/nin 1 -radix unsigned
# isim force add /ip_threetri/n2in 3 -radix unsigned
# isim force add /ip_threetri/n2in 3 -radix unsigned
# isim force add /ip_threetri/ipcode 26 -radix unsigned
# isim force add /ip_threetri/ipcode 26 -radix unsigned
# run 1.00us
