Command line:
   IP_fibo_isim_beh.exe
     -simmode  gui
     -simrunnum  0
     -socket  55884

Sat Dec  2 01:28:43 2017


 Elaboration Time: 0.01 sec

 Current Memory Usage: 156.901 Meg

 Total Signals          : 19
 Total Nets             : 132
 Total Signal Drivers   : 12
 Total Blocks           : 5
 Total Primitive Blocks : 4
 Total Processes        : 4
 Total Traceable Variables  : 11
 Total Scalar Nets and Variables : 521
Total Line Count : 46

 Total Simulation Time: 0.12 sec

 Current Memory Usage: 232.403 Meg

Sat Dec  2 01:31:19 2017

