Command line:
   calc_isim_beh.exe
     -simmode  gui
     -simrunnum  0
     -socket  40801

Fri Sep 30 08:42:43 2016


 Elaboration Time: 0.02 sec

 Current Memory Usage: 157.802 Meg

 Total Signals          : 15
 Total Nets             : 54
 Total Signal Drivers   : 5
 Total Blocks           : 6
 Total Primitive Blocks : 5
 Total Processes        : 5
 Total Traceable Variables  : 10
 Total Scalar Nets and Variables : 432

** Failure:arguments of overloaded 'xor' operator are not of the same length
User(VHDL) Code Called Simulation Stop
In process calc.vhd:71 
 


 Total Simulation Time: 0.03 sec

 Current Memory Usage: 232.251 Meg

Fri Sep 30 09:02:43 2016

