Running: /home/parallels/Desktop/ISE_DS/ISE/bin/lin64/unwrapped/fuse -intstyle ise -incremental -lib secureip -o /home/parallels/Desktop/tp9/IP_ALU_isim_beh.exe -prj /home/parallels/Desktop/tp9/IP_ALU_beh.prj work.IP_ALU 
ISim M.81d (signature 0x9ca8bed6)
Number of CPUs detected in this system: 2
Turning on mult-threading, number of parallel sub-compilation jobs: 4 
Determining compilation order of HDL files
Parsing VHDL file "/home/parallels/Desktop/tp9/IP_ALU.vhd" into library work
Starting static elaboration
Completed static elaboration
Fuse Memory Usage: 73068 KB
Fuse CPU Usage: 90 ms
Using precompiled package standard from library std
Using precompiled package std_logic_1164 from library ieee
Using precompiled package std_logic_arith from library ieee
Using precompiled package std_logic_unsigned from library ieee
Compiling architecture behavioral of entity ip_alu
Time Resolution for simulation is 1ps.
Waiting for 1 sub-compilation(s) to finish...
Compiled 5 VHDL Units
Built simulation executable /home/parallels/Desktop/tp9/IP_ALU_isim_beh.exe
Fuse Memory Usage: 373136 KB
Fuse CPU Usage: 120 ms
GCC CPU Usage: 280 ms
