ISim log file
Running: /home/parallels/Desktop/tp9/IP_ALU_isim_beh.exe -gui -tclbatch isim.cmd -wdb /home/parallels/Desktop/tp9/IP_ALU_isim_beh.wdb 
ISim M.81d (signature 0x9ca8bed6)
WARNING: A WEBPACK license was found.
WARNING: Please use Xilinx License Configuration Manager to check out a full ISim license.
WARNING: ISim will run in Lite mode. Please refer to the ISim documentation for more information on the differences between the Lite and the Full version.
This is a Lite version of ISim.
Time resolution is 1 ps
# onerror resume
# wave add /
# run 1000 ns
Simulator is doing circuit initialization process.
at 0 ps, Instance /ip_alu/ : Warning: There is an 'U'|'X'|'W'|'Z'|'-' in an arithmetic operand, the result will be 'X'(es).
Finished circuit initialization process.
# isim force add /ip_alu/ipcode 000 -radix hex
# isim force add /ip_alu/ipcode 00000000000 -radix bin
# isim force add /ip_alu/ipcode 00000000000 -radix bin
# isim force add /ip_alu/nin 1 -radix bin
# isim force add /ip_alu/nin 1 -radix bin
# isim force add /ip_alu/tin 10 -radix bin
# isim force add /ip_alu/tin 10 -radix bin
# run 1.00us
# isim force add /ip_alu/tin 1 -radix bin
# isim force add /ip_alu/tin 1 -radix bin
# isim force add /ip_alu/nin 1 -radix bin
# isim force add /ip_alu/nin 1 -radix bin
# run 1.00us
# exit 0
