ISim log file
Running: /home/m1/cuvilliers/Documents/AEO/TP1/my_add_isim_beh.exe -gui -tclbatch isim.cmd -wdb /home/m1/cuvilliers/Documents/AEO/TP1/my_add_isim_beh.wdb 
INFO: There is another simulation running in the same directory. Using database file name isim1.wdb.
ISim M.81d (signature 0x9ca8bed6)
WARNING: A WEBPACK license was found.
WARNING: Please use Xilinx License Configuration Manager to check out a full ISim license.
WARNING: ISim will run in Lite mode. Please refer to the ISim documentation for more information on the differences between the Lite and the Full version.
This is a Lite version of ISim.
Time resolution is 1 ps
# onerror resume
# wave add /
# run 1000 ns
Simulator is doing circuit initialization process.
at 0 ps, Instance /my_add/ : Warning: There is an 'U'|'X'|'W'|'Z'|'-' in an arithmetic operand, the result will be 'X'(es).
Finished circuit initialization process.
# restart
# isim force add /my_add/switches[0] 1 -radix bin
# isim force add /my_add/switches[0] 1 -radix bin
# isim force add /my_add/switches[5] 1 -radix bin
# isim force add /my_add/switches[5] 1 -radix bin
# isim force add /my_add/switches[6] 1 -radix bin
# isim force add /my_add/switches[6] 1 -radix bin
# run all
Simulator is doing circuit initialization process.
Finished circuit initialization process.
# run 1.00us
# isim force add /my_add/switches[0] 1 -radix bin
# isim force add /my_add/switches[0] 1 -radix bin
# isim force add /my_add/switches[1] 1 -radix bin
# isim force add /my_add/switches[1] 1 -radix bin
# run 1.00us
# restart
# isim force add /my_add/switches[1] 1 -radix bin
# isim force add /my_add/switches[1] 1 -radix bin
# isim force add /my_add/switches[5] 1 -radix bin
# isim force add /my_add/switches[5] 1 -radix bin
# run 1.00us
Simulator is doing circuit initialization process.
Finished circuit initialization process.
# exit 0
