Command line:
   fibogen_isim_beh.exe
     -simmode  gui
     -simrunnum  0
     -socket  42835

Tue Nov 21 17:41:22 2017


 Elaboration Time: 0.01 sec

 Current Memory Usage: 157.909 Meg

 Total Signals          : 5
 Total Nets             : 98
 Total Signal Drivers   : 3
 Total Blocks           : 4
 Total Primitive Blocks : 4
 Total Processes        : 1
 Total Traceable Variables  : 10
 Total Scalar Nets and Variables : 476
Total Line Count : 7

 Total Simulation Time: 0.03 sec

 Current Memory Usage: 232.358 Meg

Tue Nov 21 17:42:45 2017

