Running: /home/parallels/Desktop/ISE_DS/ISE/bin/lin64/unwrapped/fuse -intstyle ise -incremental -lib secureip -o /home/parallels/Desktop/control_final/control_q5/acompt_1s_isim_beh.exe -prj /home/parallels/Desktop/control_final/control_q5/acompt_1s_beh.prj work.acompt_1s 
ISim M.81d (signature 0x9ca8bed6)
Number of CPUs detected in this system: 2
Turning on mult-threading, number of parallel sub-compilation jobs: 4 
Determining compilation order of HDL files
Parsing VHDL file "/home/parallels/Desktop/control_final/control_q5/acompt_1s.vhd" into library work
Starting static elaboration
Completed static elaboration
Fuse Memory Usage: 72732 KB
Fuse CPU Usage: 80 ms
Using precompiled package standard from library std
Using precompiled package std_logic_1164 from library ieee
Using precompiled package numeric_std from library ieee
Compiling architecture behavioral of entity acompt_1s
Time Resolution for simulation is 1ps.
Waiting for 1 sub-compilation(s) to finish...
Compiled 4 VHDL Units
Built simulation executable /home/parallels/Desktop/control_final/control_q5/acompt_1s_isim_beh.exe
Fuse Memory Usage: 372800 KB
Fuse CPU Usage: 90 ms
GCC CPU Usage: 140 ms
