Release 14.7 - xst P.20131013 (lin64)
Copyright (c) 1995-2013 Xilinx, Inc.  All rights reserved.
--> 
Parameter TMPDIR set to xst/projnav.tmp


Total REAL time to Xst completion: 1.00 secs
Total CPU time to Xst completion: 0.09 secs
 
--> 
Parameter xsthdpdir set to xst


Total REAL time to Xst completion: 1.00 secs
Total CPU time to Xst completion: 0.09 secs
 
--> 
Reading design: chenillard.prj

TABLE OF CONTENTS
  1) Synthesis Options Summary
  2) HDL Parsing
  3) HDL Elaboration
  4) HDL Synthesis
       4.1) HDL Synthesis Report
  5) Advanced HDL Synthesis
       5.1) Advanced HDL Synthesis Report
  6) Low Level Synthesis
  7) Partition Report
  8) Design Summary
       8.1) Primitive and Black Box Usage
       8.2) Device utilization summary
       8.3) Partition Resource Summary
       8.4) Timing Report
            8.4.1) Clock Information
            8.4.2) Asynchronous Control Signals Information
            8.4.3) Timing Summary
            8.4.4) Timing Details
            8.4.5) Cross Clock Domains Report


=========================================================================
*                      Synthesis Options Summary                        *
=========================================================================
---- Source Parameters
Input File Name                    : "chenillard.prj"
Ignore Synthesis Constraint File   : NO

---- Target Parameters
Output File Name                   : "chenillard"
Output Format                      : NGC
Target Device                      : xc6slx16-3-csg324

---- Source Options
Top Module Name                    : chenillard
Automatic FSM Extraction           : YES
FSM Encoding Algorithm             : Auto
Safe Implementation                : No
FSM Style                          : LUT
RAM Extraction                     : Yes
RAM Style                          : Auto
ROM Extraction                     : Yes
Shift Register Extraction          : YES
ROM Style                          : Auto
Resource Sharing                   : YES
Asynchronous To Synchronous        : NO
Shift Register Minimum Size        : 2
Use DSP Block                      : Auto
Automatic Register Balancing       : No

---- Target Options
LUT Combining                      : Auto
Reduce Control Sets                : Auto
Add IO Buffers                     : YES
Global Maximum Fanout              : 100000
Add Generic Clock Buffer(BUFG)     : 16
Register Duplication               : YES
Optimize Instantiated Primitives   : NO
Use Clock Enable                   : Auto
Use Synchronous Set                : Auto
Use Synchronous Reset              : Auto
Pack IO Registers into IOBs        : Auto
Equivalent register Removal        : YES

---- General Options
Optimization Goal                  : Speed
Optimization Effort                : 1
Power Reduction                    : NO
Keep Hierarchy                     : No
Netlist Hierarchy                  : As_Optimized
RTL Output                         : Yes
Global Optimization                : AllClockNets
Read Cores                         : YES
Write Timing Constraints           : NO
Cross Clock Analysis               : NO
Hierarchy Separator                : /
Bus Delimiter                      : <>
Case Specifier                     : Maintain
Slice Utilization Ratio            : 100
BRAM Utilization Ratio             : 100
DSP48 Utilization Ratio            : 100
Auto BRAM Packing                  : NO
Slice Utilization Ratio Delta      : 5

=========================================================================


=========================================================================
*                          HDL Parsing                                  *
=========================================================================
Parsing VHDL file "/home/parallels/Desktop/TP_controle/clock/shift_vector.vhd" into library work
Parsing entity <shift_vector>.
Parsing architecture <Behavioral> of entity <shift_vector>.
Parsing VHDL file "/home/parallels/Desktop/TP_controle/clock/clk_1hz.vhd" into library work
Parsing entity <clk_1hz>.
Parsing architecture <Behavioral> of entity <clk_1hz>.
Parsing VHDL file "/home/parallels/Desktop/TP_controle/clock/chenillard.vhd" into library work
Parsing entity <chenillard>.
Parsing architecture <Behavioral> of entity <chenillard>.

=========================================================================
*                            HDL Elaboration                            *
=========================================================================

Elaborating entity <chenillard> (architecture <Behavioral>) from library <work>.

Elaborating entity <clk_1hz> (architecture <Behavioral>) from library <work>.

Elaborating entity <shift_vector> (architecture <Behavioral>) from library <work>.

=========================================================================
*                           HDL Synthesis                               *
=========================================================================

Synthesizing Unit <chenillard>.
    Related source file is "/home/parallels/Desktop/TP_controle/clock/chenillard.vhd".
    Summary:
	no macro.
Unit <chenillard> synthesized.

Synthesizing Unit <clk_1hz>.
    Related source file is "/home/parallels/Desktop/TP_controle/clock/clk_1hz.vhd".
    Found 1-bit register for signal <clk_1hz>.
    Found 28-bit register for signal <compt>.
    Found 28-bit adder for signal <compt[27]_GND_5_o_add_0_OUT> created at line 1241.
    Summary:
	inferred   1 Adder/Subtractor(s).
	inferred  29 D-type flip-flop(s).
Unit <clk_1hz> synthesized.

Synthesizing Unit <shift_vector>.
    Related source file is "/home/parallels/Desktop/TP_controle/clock/shift_vector.vhd".
    Found 32-bit register for signal <i>.
    Found 8-bit register for signal <temp>.
    Found 32-bit adder for signal <n0031> created at line 27.
    Found 32-bit subtractor for signal <i[31]_GND_8_o_sub_7_OUT<31:0>> created at line 32.
    Summary:
	inferred   2 Adder/Subtractor(s).
	inferred  40 D-type flip-flop(s).
	inferred  17 Multiplexer(s).
Unit <shift_vector> synthesized.

=========================================================================
HDL Synthesis Report

Macro Statistics
# Adders/Subtractors                                   : 3
 28-bit adder                                          : 1
 32-bit adder                                          : 1
 32-bit subtractor                                     : 1
# Registers                                            : 4
 1-bit register                                        : 1
 28-bit register                                       : 1
 32-bit register                                       : 1
 8-bit register                                        : 1
# Multiplexers                                         : 17
 1-bit 2-to-1 multiplexer                              : 16
 8-bit 2-to-1 multiplexer                              : 1

=========================================================================

=========================================================================
*                       Advanced HDL Synthesis                          *
=========================================================================


Synthesizing (advanced) Unit <clk_1hz>.
The following registers are absorbed into counter <compt>: 1 register on signal <compt>.
Unit <clk_1hz> synthesized (advanced).

Synthesizing (advanced) Unit <shift_vector>.
The following registers are absorbed into counter <i>: 1 register on signal <i>.
Unit <shift_vector> synthesized (advanced).

=========================================================================
Advanced HDL Synthesis Report

Macro Statistics
# Adders/Subtractors                                   : 2
 28-bit adder                                          : 1
 3-bit adder                                           : 1
# Counters                                             : 2
 28-bit up counter                                     : 1
 32-bit down counter                                   : 1
# Registers                                            : 9
 Flip-Flops                                            : 9
# Multiplexers                                         : 17
 1-bit 2-to-1 multiplexer                              : 16
 8-bit 2-to-1 multiplexer                              : 1

=========================================================================

=========================================================================
*                         Low Level Synthesis                           *
=========================================================================

Optimizing unit <chenillard> ...

Optimizing unit <shift_vector> ...

Mapping all equations...
Building and optimizing final netlist ...
Found area constraint ratio of 100 (+ 5) on block chenillard, actual ratio is 1.

Final Macro Processing ...

=========================================================================
Final Register Report

Macro Statistics
# Registers                                            : 69
 Flip-Flops                                            : 69

=========================================================================

=========================================================================
*                           Partition Report                            *
=========================================================================

Partition Implementation Status
-------------------------------

  No Partitions were found in this design.

-------------------------------

=========================================================================
*                            Design Summary                             *
=========================================================================

Top Level Output File Name         : chenillard.ngc

Primitive and Black Box Usage:
------------------------------
# BELS                             : 316
#      GND                         : 1
#      INV                         : 33
#      LUT1                        : 55
#      LUT2                        : 31
#      LUT3                        : 2
#      LUT4                        : 9
#      LUT5                        : 1
#      LUT6                        : 10
#      MUXCY                       : 85
#      VCC                         : 1
#      XORCY                       : 88
# FlipFlops/Latches                : 69
#      FD                          : 37
#      FDR                         : 29
#      FDS                         : 3
# Clock Buffers                    : 2
#      BUFG                        : 1
#      BUFGP                       : 1
# IO Buffers                       : 8
#      OBUF                        : 8

Device utilization summary:
---------------------------

Selected Device : 6slx16csg324-3 


Slice Logic Utilization: 
 Number of Slice Registers:              69  out of  18224     0%  
 Number of Slice LUTs:                  141  out of   9112     1%  
    Number used as Logic:               141  out of   9112     1%  

Slice Logic Distribution: 
 Number of LUT Flip Flop pairs used:    141
   Number with an unused Flip Flop:      72  out of    141    51%  
   Number with an unused LUT:             0  out of    141     0%  
   Number of fully used LUT-FF pairs:    69  out of    141    48%  
   Number of unique control sets:         3

IO Utilization: 
 Number of IOs:                           9
 Number of bonded IOBs:                   9  out of    232     3%  

Specific Feature Utilization:
 Number of BUFG/BUFGCTRLs:                2  out of     16    12%  

---------------------------
Partition Resource Summary:
---------------------------

  No Partitions were found in this design.

---------------------------


=========================================================================
Timing Report

NOTE: THESE TIMING NUMBERS ARE ONLY A SYNTHESIS ESTIMATE.
      FOR ACCURATE TIMING INFORMATION PLEASE REFER TO THE TRACE REPORT
      GENERATED AFTER PLACE-and-ROUTE.

Clock Information:
------------------
-----------------------------------+------------------------+-------+
Clock Signal                       | Clock buffer(FF name)  | Load  |
-----------------------------------+------------------------+-------+
cmp1/clk_1hz                       | BUFG                   | 40    |
clk_entree                         | BUFGP                  | 29    |
-----------------------------------+------------------------+-------+

Asynchronous Control Signals Information:
----------------------------------------
No asynchronous control signals found in this design

Timing Summary:
---------------
Speed Grade: -3

   Minimum period: 5.568ns (Maximum Frequency: 179.594MHz)
   Minimum input arrival time before clock: No path found
   Maximum output required time after clock: 3.634ns
   Maximum combinational path delay: No path found

Timing Details:
---------------
All values displayed in nanoseconds (ns)

=========================================================================
Timing constraint: Default period analysis for Clock 'cmp1/clk_1hz'
  Clock period: 4.479ns (frequency: 223.250MHz)
  Total number of paths / destination ports: 1584 / 72
-------------------------------------------------------------------------
Delay:               4.479ns (Levels of Logic = 2)
  Source:            cmp2/i_16 (FF)
  Destination:       cmp2/i_0 (FF)
  Source Clock:      cmp1/clk_1hz rising
  Destination Clock: cmp1/clk_1hz rising

  Data Path: cmp2/i_16 to cmp2/i_0
                                Gate     Net
    Cell:in->out      fanout   Delay   Delay  Logical Name (Net Name)
    ----------------------------------------  ------------
     FDR:C->Q              2   0.447   0.981  cmp2/i_16 (cmp2/i_16)
     LUT6:I0->O            1   0.203   0.924  cmp2/GND_8_o_i[31]_equal_6_o<31>5 (cmp2/GND_8_o_i[31]_equal_6_o<31>4)
     LUT6:I1->O           32   0.203   1.291  cmp2/GND_8_o_i[31]_equal_6_o<31>7 (cmp2/GND_8_o_i[31]_equal_6_o)
     FDR:R                     0.430          cmp2/i_3
    ----------------------------------------
    Total                      4.479ns (1.283ns logic, 3.196ns route)
                                       (28.6% logic, 71.4% route)

=========================================================================
Timing constraint: Default period analysis for Clock 'clk_entree'
  Clock period: 5.568ns (frequency: 179.594MHz)
  Total number of paths / destination ports: 12181 / 29
-------------------------------------------------------------------------
Delay:               5.568ns (Levels of Logic = 9)
  Source:            cmp1/compt_0 (FF)
  Destination:       cmp1/compt_0 (FF)
  Source Clock:      clk_entree rising
  Destination Clock: clk_entree rising

  Data Path: cmp1/compt_0 to cmp1/compt_0
                                Gate     Net
    Cell:in->out      fanout   Delay   Delay  Logical Name (Net Name)
    ----------------------------------------  ------------
     FD:C->Q               2   0.447   0.616  cmp1/compt_0 (cmp1/compt_0)
     INV:I->O              1   0.206   0.000  cmp1/Madd_compt[27]_GND_5_o_add_0_OUT_lut<0>_INV_0 (cmp1/Madd_compt[27]_GND_5_o_add_0_OUT_lut<0>)
     MUXCY:S->O            1   0.172   0.000  cmp1/Madd_compt[27]_GND_5_o_add_0_OUT_cy<0> (cmp1/Madd_compt[27]_GND_5_o_add_0_OUT_cy<0>)
     MUXCY:CI->O           1   0.019   0.000  cmp1/Madd_compt[27]_GND_5_o_add_0_OUT_cy<1> (cmp1/Madd_compt[27]_GND_5_o_add_0_OUT_cy<1>)
     MUXCY:CI->O           1   0.019   0.000  cmp1/Madd_compt[27]_GND_5_o_add_0_OUT_cy<2> (cmp1/Madd_compt[27]_GND_5_o_add_0_OUT_cy<2>)
     XORCY:CI->O           1   0.180   0.808  cmp1/Madd_compt[27]_GND_5_o_add_0_OUT_xor<3> (cmp1/compt[27]_GND_5_o_add_0_OUT<3>)
     LUT3:I0->O            1   0.205   0.580  cmp1/compt[27]_GND_5_o_equal_2_o<27>1 (cmp1/compt[27]_GND_5_o_equal_2_o<27>)
     LUT6:I5->O            2   0.205   0.617  cmp1/compt[27]_GND_5_o_equal_2_o<27>2 (cmp1/compt[27]_GND_5_o_equal_2_o<27>1)
     LUT6:I5->O           15   0.205   0.982  cmp1/compt[27]_GND_5_o_equal_2_o<27>8 (cmp1/compt[27]_GND_5_o_equal_2_o)
     LUT2:I1->O            1   0.205   0.000  cmp1/compt_0_rstpot (cmp1/compt_0_rstpot)
     FD:D                      0.102          cmp1/compt_0
    ----------------------------------------
    Total                      5.568ns (1.965ns logic, 3.603ns route)
                                       (35.3% logic, 64.7% route)

=========================================================================
Timing constraint: Default OFFSET OUT AFTER for Clock 'cmp1/clk_1hz'
  Total number of paths / destination ports: 8 / 8
-------------------------------------------------------------------------
Offset:              3.634ns (Levels of Logic = 1)
  Source:            cmp2/temp_7 (FF)
  Destination:       led_sortie<7> (PAD)
  Source Clock:      cmp1/clk_1hz rising

  Data Path: cmp2/temp_7 to led_sortie<7>
                                Gate     Net
    Cell:in->out      fanout   Delay   Delay  Logical Name (Net Name)
    ----------------------------------------  ------------
     FD:C->Q               2   0.447   0.616  cmp2/temp_7 (cmp2/temp_7)
     OBUF:I->O                 2.571          led_sortie_7_OBUF (led_sortie<7>)
    ----------------------------------------
    Total                      3.634ns (3.018ns logic, 0.616ns route)
                                       (83.0% logic, 17.0% route)

=========================================================================

Cross Clock Domains Report:
--------------------------

Clock to Setup on destination clock clk_entree
---------------+---------+---------+---------+---------+
               | Src:Rise| Src:Fall| Src:Rise| Src:Fall|
Source Clock   |Dest:Rise|Dest:Rise|Dest:Fall|Dest:Fall|
---------------+---------+---------+---------+---------+
clk_entree     |    5.568|         |         |         |
---------------+---------+---------+---------+---------+

Clock to Setup on destination clock cmp1/clk_1hz
---------------+---------+---------+---------+---------+
               | Src:Rise| Src:Fall| Src:Rise| Src:Fall|
Source Clock   |Dest:Rise|Dest:Rise|Dest:Fall|Dest:Fall|
---------------+---------+---------+---------+---------+
cmp1/clk_1hz   |    4.479|         |         |         |
---------------+---------+---------+---------+---------+

=========================================================================


Total REAL time to Xst completion: 9.00 secs
Total CPU time to Xst completion: 7.29 secs
 
--> 


Total memory usage is 394004 kilobytes

Number of errors   :    0 (   0 filtered)
Number of warnings :    0 (   0 filtered)
Number of infos    :    0 (   0 filtered)

