--------------------------------------------------------------------------------
Release 12.4 Trace  (lin64)
Copyright (c) 1995-2010 Xilinx, Inc.  All rights reserved.

/opt/Xilinx/12.4/ISE_DS/ISE/bin/lin64/unwrapped/trce -intstyle ise -v 3 -s 3 -n
3 -fastpaths -xml toplevel.twx toplevel.ncd -o toplevel.twr toplevel.pcf -ucf
Nexys3.ucf

Design file:              toplevel.ncd
Physical constraint file: toplevel.pcf
Device,package,speed:     xc6slx16,csg324,C,-3 (PRODUCTION 1.15 2010-12-02)
Report level:             verbose report

Environment Variable      Effect 
--------------------      ------ 
NONE                      No environment variables were set
--------------------------------------------------------------------------------

INFO:Timing:2698 - No timing constraints found, doing default enumeration.
INFO:Timing:2752 - To get complete path coverage, use the unconstrained paths 
   option. All paths that are not constrained will be reported in the 
   unconstrained paths section(s) of the report.
INFO:Timing:3339 - The clock-to-out numbers in this timing report are based on 
   a 50 Ohm transmission line loading model.  For the details of this model, 
   and for more information on accounting for different loading conditions, 
   please see the device datasheet.



Data Sheet report:
-----------------
All values displayed in nanoseconds (ns)

Pad to Pad
---------------+---------------+---------+
Source Pad     |Destination Pad|  Delay  |
---------------+---------------+---------+
switches<0>    |led<0>         |    6.419|
switches<1>    |led<1>         |    6.800|
switches<2>    |led<2>         |    6.452|
switches<3>    |led<3>         |    6.766|
switches<4>    |led<4>         |    6.112|
switches<5>    |led<5>         |    6.030|
switches<6>    |led<6>         |    6.101|
switches<7>    |led<7>         |    6.598|
---------------+---------------+---------+


Analysis completed Fri Sep 16 11:35:42 2016 
--------------------------------------------------------------------------------

Trace Settings:
-------------------------
Trace Settings 

Peak Memory Usage: 286 MB



