Command line:
   IP_fibo_isim_beh.exe
     -simmode  gui
     -simrunnum  0
     -socket  43263

Tue Nov 28 10:36:31 2017


 Elaboration Time: 0.01 sec

 Current Memory Usage: 157.913 Meg

 Total Signals          : 19
 Total Nets             : 226
 Total Signal Drivers   : 12
 Total Blocks           : 5
 Total Primitive Blocks : 4
 Total Processes        : 4
 Total Traceable Variables  : 11
 Total Scalar Nets and Variables : 615
Total Line Count : 37

 Total Simulation Time: 0.2 sec

 Current Memory Usage: 232.362 Meg

Tue Nov 28 10:43:21 2017

