Running: /home/parallels/Desktop/ISE_DS/ISE/bin/lin64/unwrapped/fuse -intstyle ise -incremental -lib secureip -o /home/parallels/Desktop/DS_2017/FUS2_isim_beh.exe -prj /home/parallels/Desktop/DS_2017/FUS2_beh.prj work.FUS2 
ISim M.81d (signature 0x9ca8bed6)
Number of CPUs detected in this system: 2
Turning on mult-threading, number of parallel sub-compilation jobs: 4 
Determining compilation order of HDL files
Parsing VHDL file "/home/parallels/Desktop/DS_2017/FUS2.vhd" into library work
Starting static elaboration
Completed static elaboration
Fuse Memory Usage: 71092 KB
Fuse CPU Usage: 80 ms
Using precompiled package standard from library std
Using precompiled package std_logic_1164 from library ieee
Compiling architecture behavioral of entity fus2
Time Resolution for simulation is 1ps.
Waiting for 1 sub-compilation(s) to finish...
Compiled 3 VHDL Units
Built simulation executable /home/parallels/Desktop/DS_2017/FUS2_isim_beh.exe
Fuse Memory Usage: 371160 KB
Fuse CPU Usage: 80 ms
GCC CPU Usage: 160 ms
