Running: /opt/Xilinx/12.4/ISE_DS/ISE/bin/lin64/unwrapped/fuse -intstyle ise -incremental -lib secureip -o /home/m1/ma/tp10/tp10_vhdl/IP_fibo_isim_beh.exe -prj /home/m1/ma/tp10/tp10_vhdl/IP_fibo_beh.prj work.IP_fibo 
ISim M.81d (signature 0x9ca8bed6)
Number of CPUs detected in this system: 4
Turning on mult-threading, number of parallel sub-compilation jobs: 8 
Determining compilation order of HDL files
Parsing VHDL file "/home/m1/ma/tp10/tp10_vhdl/fibogen.vhd" into library work
Parsing VHDL file "/home/m1/ma/tp10/tp10_vhdl/IP_fibo.vhd" into library work
Starting static elaboration
Completed static elaboration
Fuse Memory Usage: 74136 KB
Fuse CPU Usage: 90 ms
Using precompiled package standard from library std
Using precompiled package std_logic_1164 from library ieee
Using precompiled package std_logic_arith from library ieee
Using precompiled package std_logic_unsigned from library ieee
Compiling architecture behavioral of entity fibogen [fibogen_default]
Compiling architecture behavioral of entity ip_fibo
Time Resolution for simulation is 1ps.
Waiting for 1 sub-compilation(s) to finish...
Compiled 7 VHDL Units
Built simulation executable /home/m1/ma/tp10/tp10_vhdl/IP_fibo_isim_beh.exe
Fuse Memory Usage: 635304 KB
Fuse CPU Usage: 120 ms
GCC CPU Usage: 380 ms
