Command line:
   Afsm_isim_beh.exe
     -simmode  gui
     -simrunnum  0
     -socket  47350

Mon Dec  4 19:13:08 2017


 Elaboration Time: 0.01 sec

 Current Memory Usage: 156.774 Meg

 Total Signals          : 11
 Total Nets             : 81
 Total Signal Drivers   : 5
 Total Blocks           : 4
 Total Primitive Blocks : 3
 Total Processes        : 4
 Total Traceable Variables  : 14
 Total Scalar Nets and Variables : 575
Total Line Count : 25

 Total Simulation Time: 0.06 sec

 Current Memory Usage: 232.276 Meg

Mon Dec  4 19:15:42 2017

