Command line:
   IP_delay_isim_beh.exe
     -simmode  gui
     -simrunnum  0
     -socket  50603

Sat Nov 18 00:37:08 2017


 Elaboration Time: 0.02 sec

 Current Memory Usage: 157.016 Meg

 Total Signals          : 9
 Total Nets             : 112
 Total Signal Drivers   : 6
 Total Blocks           : 5
 Total Primitive Blocks : 5
 Total Processes        : 2
 Total Traceable Variables  : 16
 Total Scalar Nets and Variables : 624
Total Line Count : 18

 Total Simulation Time: 0.03 sec

 Current Memory Usage: 232.518 Meg

Sat Nov 18 00:37:25 2017

