Command line:
   IP_ALU_isim_beh.exe
     -simmode  gui
     -simrunnum  0
     -socket  52344

Sat Nov 18 15:54:01 2017


 Elaboration Time: 0.02 sec

 Current Memory Usage: 156.885 Meg

 Total Signals          : 4
 Total Nets             : 107
 Total Signal Drivers   : 2
 Total Blocks           : 4
 Total Primitive Blocks : 4
 Total Processes        : 2
 Total Traceable Variables  : 11
 Total Scalar Nets and Variables : 496
Total Line Count : 2

 Total Simulation Time: 0.05 sec

 Current Memory Usage: 232.387 Meg

Sat Nov 18 15:56:03 2017

