Command line:
   IP_FLITER_isim_beh.exe
     -simmode  gui
     -simrunnum  0
     -socket  55716

Sat Dec  2 22:23:48 2017


 Elaboration Time: 0.01 sec

 Current Memory Usage: 156.77 Meg

 Total Signals          : 10
 Total Nets             : 89
 Total Signal Drivers   : 6
 Total Blocks           : 4
 Total Primitive Blocks : 4
 Total Processes        : 3
 Total Traceable Variables  : 11
 Total Scalar Nets and Variables : 478
Total Line Count : 28

 Total Simulation Time: 0.23 sec

 Current Memory Usage: 232.272 Meg

Sat Dec  2 22:25:36 2017

