ISim log file
Running: /home/parallels/Desktop/control_final/control_q4/IP_FLITER_isim_beh.exe -gui -tclbatch isim.cmd -wdb /home/parallels/Desktop/control_final/control_q4/IP_FLITER_isim_beh.wdb 
ISim M.81d (signature 0x9ca8bed6)
WARNING: A WEBPACK license was found.
WARNING: Please use Xilinx License Configuration Manager to check out a full ISim license.
WARNING: ISim will run in Lite mode. Please refer to the ISim documentation for more information on the differences between the Lite and the Full version.
This is a Lite version of ISim.
Time resolution is 1 ps
# onerror resume
# wave add /
# run 1000 ns
Simulator is doing circuit initialization process.
Finished circuit initialization process.
# isim force add /ip_fliter/tin 12345678 -radix hex
# isim force add /ip_fliter/tin 12345678 -radix hex
# isim force add /ip_fliter/ipcode 41e -radix hex
# isim force add /ip_fliter/ipcode 41e -radix hex
# isim force add /ip_fliter/clk 0 -radix bin -value 1 -radix bin -time 50 ns -repeat 100 ns
# isim force add /ip_fliter/clk 0 -radix bin -value 1 -radix bin -time 50 ns -repeat 100 ns
# run 1.00us
# exit 0
