Command line:
   acompt_1s_isim_beh.exe
     -simmode  gui
     -simrunnum  0
     -socket  53206

Tue Dec  5 00:33:35 2017


 Elaboration Time: 0 sec

 Current Memory Usage: 156.774 Meg

 Total Signals          : 2
 Total Nets             : 2
 Total Signal Drivers   : 1
 Total Blocks           : 3
 Total Primitive Blocks : 3
 Total Processes        : 1
 Total Traceable Variables  : 13
 Total Scalar Nets and Variables : 485
Total Line Count : 6

 Total Simulation Time: 0.02 sec

 Current Memory Usage: 232.276 Meg

Tue Dec  5 00:35:40 2017

