--------------------------------------------------------------------------------
Release 12.4 Trace  (lin64)
Copyright (c) 1995-2010 Xilinx, Inc.  All rights reserved.

/opt/Xilinx/12.4/ISE_DS/ISE/bin/lin64/unwrapped/trce -intstyle ise -v 3 -s 3 -n
3 -fastpaths -xml calc.twx calc.ncd -o calc.twr calc.pcf -ucf calc.ucf

Design file:              calc.ncd
Physical constraint file: calc.pcf
Device,package,speed:     xc6slx16,csg324,C,-3 (PRODUCTION 1.15 2010-12-02)
Report level:             verbose report

Environment Variable      Effect 
--------------------      ------ 
NONE                      No environment variables were set
--------------------------------------------------------------------------------

INFO:Timing:2698 - No timing constraints found, doing default enumeration.
INFO:Timing:2752 - To get complete path coverage, use the unconstrained paths 
   option. All paths that are not constrained will be reported in the 
   unconstrained paths section(s) of the report.
INFO:Timing:3339 - The clock-to-out numbers in this timing report are based on 
   a 50 Ohm transmission line loading model.  For the details of this model, 
   and for more information on accounting for different loading conditions, 
   please see the device datasheet.



Data Sheet report:
-----------------
All values displayed in nanoseconds (ns)

Pad to Pad
---------------+---------------+---------+
Source Pad     |Destination Pad|  Delay  |
---------------+---------------+---------+
button<0>      |led<0>         |   14.568|
button<0>      |led<1>         |   14.014|
button<0>      |led<2>         |   14.254|
button<0>      |led<3>         |   14.625|
button<0>      |led<4>         |   13.112|
button<0>      |sevenseg<0>    |   14.749|
button<0>      |sevenseg<1>    |   15.285|
button<0>      |sevenseg<2>    |   15.293|
button<0>      |sevenseg<3>    |   15.365|
button<0>      |sevenseg<4>    |   15.440|
button<0>      |sevenseg<5>    |   15.113|
button<0>      |sevenseg<6>    |   15.070|
button<1>      |led<0>         |   13.847|
button<1>      |led<1>         |   13.293|
button<1>      |led<2>         |   13.503|
button<1>      |led<3>         |   13.904|
button<1>      |led<4>         |   12.736|
button<1>      |sevenseg<0>    |   14.028|
button<1>      |sevenseg<1>    |   14.564|
button<1>      |sevenseg<2>    |   14.572|
button<1>      |sevenseg<3>    |   14.644|
button<1>      |sevenseg<4>    |   14.719|
button<1>      |sevenseg<5>    |   14.392|
button<1>      |sevenseg<6>    |   14.349|
button<2>      |led<0>         |   13.873|
button<2>      |led<1>         |   13.976|
button<2>      |led<2>         |   13.830|
button<2>      |led<3>         |   14.610|
button<2>      |led<4>         |   12.374|
button<2>      |sevenseg<0>    |   14.734|
button<2>      |sevenseg<1>    |   15.270|
button<2>      |sevenseg<2>    |   15.278|
button<2>      |sevenseg<3>    |   15.240|
button<2>      |sevenseg<4>    |   15.425|
button<2>      |sevenseg<5>    |   15.075|
button<2>      |sevenseg<6>    |   15.055|
button<3>      |led<0>         |   14.331|
button<3>      |led<1>         |   13.777|
button<3>      |led<2>         |   13.765|
button<3>      |led<3>         |   14.388|
button<3>      |led<4>         |   12.615|
button<3>      |sevenseg<0>    |   14.512|
button<3>      |sevenseg<1>    |   15.048|
button<3>      |sevenseg<2>    |   15.056|
button<3>      |sevenseg<3>    |   15.128|
button<3>      |sevenseg<4>    |   15.203|
button<3>      |sevenseg<5>    |   14.876|
button<3>      |sevenseg<6>    |   14.833|
button<4>      |led<0>         |   13.936|
button<4>      |led<1>         |   13.423|
button<4>      |led<2>         |   13.631|
button<4>      |led<3>         |   13.993|
button<4>      |led<4>         |   12.725|
button<4>      |sevenseg<0>    |   14.117|
button<4>      |sevenseg<1>    |   14.653|
button<4>      |sevenseg<2>    |   14.661|
button<4>      |sevenseg<3>    |   14.733|
button<4>      |sevenseg<4>    |   14.808|
button<4>      |sevenseg<5>    |   14.522|
button<4>      |sevenseg<6>    |   14.438|
switches<0>    |led<0>         |   12.277|
switches<0>    |led<1>         |   11.656|
switches<0>    |led<2>         |   13.573|
switches<0>    |led<3>         |   13.549|
switches<0>    |led<4>         |   11.305|
switches<0>    |sevenseg<0>    |   13.673|
switches<0>    |sevenseg<1>    |   14.209|
switches<0>    |sevenseg<2>    |   14.217|
switches<0>    |sevenseg<3>    |   14.179|
switches<0>    |sevenseg<4>    |   14.364|
switches<0>    |sevenseg<5>    |   13.866|
switches<0>    |sevenseg<6>    |   13.994|
switches<1>    |led<0>         |   12.173|
switches<1>    |led<1>         |   11.351|
switches<1>    |led<2>         |   12.984|
switches<1>    |led<3>         |   13.445|
switches<1>    |led<4>         |   10.516|
switches<1>    |sevenseg<0>    |   13.569|
switches<1>    |sevenseg<1>    |   14.105|
switches<1>    |sevenseg<2>    |   14.113|
switches<1>    |sevenseg<3>    |   14.075|
switches<1>    |sevenseg<4>    |   14.260|
switches<1>    |sevenseg<5>    |   13.638|
switches<1>    |sevenseg<6>    |   13.890|
switches<2>    |led<0>         |   11.705|
switches<2>    |led<1>         |   10.883|
switches<2>    |led<2>         |   12.547|
switches<2>    |led<3>         |   12.977|
switches<2>    |led<4>         |    9.563|
switches<2>    |sevenseg<0>    |   13.101|
switches<2>    |sevenseg<1>    |   13.637|
switches<2>    |sevenseg<2>    |   13.645|
switches<2>    |sevenseg<3>    |   13.607|
switches<2>    |sevenseg<4>    |   13.792|
switches<2>    |sevenseg<5>    |   13.170|
switches<2>    |sevenseg<6>    |   13.422|
switches<3>    |led<0>         |   11.473|
switches<3>    |led<1>         |   10.891|
switches<3>    |led<2>         |   12.876|
switches<3>    |led<3>         |   13.019|
switches<3>    |led<4>         |   10.204|
switches<3>    |sevenseg<0>    |   13.143|
switches<3>    |sevenseg<1>    |   13.679|
switches<3>    |sevenseg<2>    |   13.687|
switches<3>    |sevenseg<3>    |   13.649|
switches<3>    |sevenseg<4>    |   13.834|
switches<3>    |sevenseg<5>    |   13.212|
switches<3>    |sevenseg<6>    |   13.464|
switches<4>    |led<0>         |   11.831|
switches<4>    |led<1>         |   11.970|
switches<4>    |led<2>         |   13.407|
switches<4>    |led<3>         |   13.078|
switches<4>    |led<4>         |   11.139|
switches<4>    |sevenseg<0>    |   13.272|
switches<4>    |sevenseg<1>    |   13.738|
switches<4>    |sevenseg<2>    |   13.746|
switches<4>    |sevenseg<3>    |   13.708|
switches<4>    |sevenseg<4>    |   13.893|
switches<4>    |sevenseg<5>    |   13.700|
switches<4>    |sevenseg<6>    |   13.523|
switches<5>    |led<0>         |   12.015|
switches<5>    |led<1>         |   11.319|
switches<5>    |led<2>         |   13.923|
switches<5>    |led<3>         |   13.472|
switches<5>    |led<4>         |   11.655|
switches<5>    |sevenseg<0>    |   13.788|
switches<5>    |sevenseg<1>    |   14.132|
switches<5>    |sevenseg<2>    |   14.189|
switches<5>    |sevenseg<3>    |   14.102|
switches<5>    |sevenseg<4>    |   14.314|
switches<5>    |sevenseg<5>    |   14.216|
switches<5>    |sevenseg<6>    |   14.007|
switches<6>    |led<0>         |   11.513|
switches<6>    |led<1>         |   10.691|
switches<6>    |led<2>         |   12.012|
switches<6>    |led<3>         |   11.835|
switches<6>    |led<4>         |    9.739|
switches<6>    |sevenseg<0>    |   11.959|
switches<6>    |sevenseg<1>    |   12.495|
switches<6>    |sevenseg<2>    |   12.503|
switches<6>    |sevenseg<3>    |   12.465|
switches<6>    |sevenseg<4>    |   12.650|
switches<6>    |sevenseg<5>    |   12.305|
switches<6>    |sevenseg<6>    |   12.280|
switches<7>    |led<0>         |   11.623|
switches<7>    |led<1>         |   10.586|
switches<7>    |led<2>         |   12.003|
switches<7>    |led<3>         |   13.073|
switches<7>    |led<4>         |    9.912|
switches<7>    |sevenseg<0>    |   13.197|
switches<7>    |sevenseg<1>    |   13.733|
switches<7>    |sevenseg<2>    |   13.741|
switches<7>    |sevenseg<3>    |   13.703|
switches<7>    |sevenseg<4>    |   13.888|
switches<7>    |sevenseg<5>    |   13.266|
switches<7>    |sevenseg<6>    |   13.518|
---------------+---------------+---------+


Analysis completed Mon Sep 25 13:16:19 2017 
--------------------------------------------------------------------------------

Trace Settings:
-------------------------
Trace Settings 

Peak Memory Usage: 287 MB



