ISim log file
Running: /home/l3/sha/Bureau/TP2/calc_isim_beh.exe -gui -tclbatch isim.cmd -wdb /home/l3/sha/Bureau/TP2/calc_isim_beh.wdb 
ISim M.81d (signature 0x9ca8bed6)
WARNING: A WEBPACK license was found.
WARNING: Please use Xilinx License Configuration Manager to check out a full ISim license.
WARNING: ISim will run in Lite mode. Please refer to the ISim documentation for more information on the differences between the Lite and the Full version.
This is a Lite version of ISim.
Time resolution is 1 ps
# onerror resume
# wave add /
# run 1000 ns
Simulator is doing circuit initialization process.
at 0 ps, Instance /calc/U0/ : Warning: There is an 'U'|'X'|'W'|'Z'|'-' in an arithmetic operand, the result will be 'X'(es).
Finished circuit initialization process.
# isim force add /calc/switches 10001000 -radix bin
# isim force add /calc/switches 10001000 -radix bin
# run 1.00us
# isim force add /calc/switches 10011000 -radix bin
# isim force add /calc/switches 10011000 -radix bin
# run 1.00us
# isim force add /calc/switches 10001111 -radix bin
# isim force add /calc/switches 10001111 -radix bin
# run 1.00us
# run 1.00us
# run 1.00us
# run 1.00us
# run 1.00us
# run 1.00us
# run 1.00us
# isim force add /calc/switches 10000001 -radix bin
# isim force add /calc/switches 10000001 -radix bin
# run 1.00us
# isim force add /calc/switches 10000001 -radix bin
# isim force add /calc/switches 10000001 -radix bin
# run 1.00us
# run 1.00us
# run 1.00us
# run 1.00us
# run 1.00us
# run 1.00us
# exit 0
