Command line:
   IP_FLITER_isim_beh.exe
     -simmode  gui
     -simrunnum  0
     -socket  48045

Tue Dec  5 00:46:49 2017


 Elaboration Time: 0.01 sec

 Current Memory Usage: 156.914 Meg

 Total Signals          : 13
 Total Nets             : 121
 Total Signal Drivers   : 6
 Total Blocks           : 4
 Total Primitive Blocks : 3
 Total Processes        : 4
 Total Traceable Variables  : 14
 Total Scalar Nets and Variables : 615
Total Line Count : 26

 Total Simulation Time: 0.11 sec

 Current Memory Usage: 232.415 Meg

Tue Dec  5 00:47:51 2017

